<?xml version="1.0" encoding="UTF-8"?>
<!-- Generated by org.testng.reporters.JUnitReportReporter -->
<testsuite hostname="LAPTOP-L4E43QCP" failures="0" tests="1" name="login.testngg" time="4.617" errors="0" timestamp="05 Jul 2023 17:41:10 GMT" skipped="0">
  <testcase classname="login.testngg" name="appaction" time="4.617"/>
</testsuite> <!-- login.testngg -->
