<?xml version="1.0" encoding="UTF-8"?>
<!-- Generated by org.testng.reporters.JUnitReportReporter -->
<testsuite hostname="LAPTOP-L4E43QCP" failures="0" tests="1" name="com.beatO.testcases.Login" time="16.236" errors="0" timestamp="21 Jan 2024 14:38:59 GMT" skipped="0">
  <testcase classname="com.beatO.testcases.Login" name="appaction" time="16.236"/>
</testsuite> <!-- com.beatO.testcases.Login -->
